This is XeTeX, Version 3.141592653-2.6-0.999997 (TeX Live 2025) (preloaded format=xelatex 2025.8.12)  20 AUG 2025 14:56
entering extended mode
 restricted \write18 enabled.
 %&-line parsing enabled.
**/Users/r.kubinec/website/files/Robert_Kubinec_CV_full.tex
(/Users/r.kubinec/website/files/Robert_Kubinec_CV_full.tex
LaTeX2e <2025-06-01> patch level 1
L3 programming layer <2025-07-20>
(/Users/r.kubinec/Library/TinyTeX/texmf-dist/tex/latex/base/article.cls
Document Class: article 2025/01/22 v1.4n Standard LaTeX document class
(/Users/r.kubinec/Library/TinyTeX/texmf-dist/tex/latex/base/size11.clo
File: size11.clo 2025/01/22 v1.4n Standard LaTeX file (size option)
)
\c@part=\count271
\c@section=\count272
\c@subsection=\count273
\c@subsubsection=\count274
\c@paragraph=\count275
\c@subparagraph=\count276
\c@figure=\count277
\c@table=\count278
\abovecaptionskip=\skip49
\belowcaptionskip=\skip50
\bibindent=\dimen148
) (/Users/r.kubinec/Library/TinyTeX/texmf-dist/tex/latex/fontspec/fontspec.sty (/Users/r.kubinec/Library/TinyTeX/texmf-dist/tex/latex/l3packages/xparse/xparse.sty (/Users/r.kubinec/Library/TinyTeX/texmf-dist/tex/latex/l3kernel/expl3.sty
Package: expl3 2025-07-20 L3 programming layer (loader) 
(/Users/r.kubinec/Library/TinyTeX/texmf-dist/tex/latex/l3backend/l3backend-xetex.def
File: l3backend-xetex.def 2025-06-09 L3 backend support: XeTeX
\g__graphics_track_int=\count279
\g__pdfannot_backend_int=\count280
\g__pdfannot_backend_link_int=\count281
))
Package: xparse 2024-08-16 L3 Experimental document command parser
)
Package: fontspec 2024/05/11 v2.9e Font selection for XeLaTeX and LuaLaTeX
(/Users/r.kubinec/Library/TinyTeX/texmf-dist/tex/latex/fontspec/fontspec-xetex.sty
Package: fontspec-xetex 2024/05/11 v2.9e Font selection for XeLaTeX and LuaLaTeX
\l__fontspec_script_int=\count282
\l__fontspec_language_int=\count283
\l__fontspec_strnum_int=\count284
\l__fontspec_tmp_int=\count285
\l__fontspec_tmpa_int=\count286
\l__fontspec_tmpb_int=\count287
\l__fontspec_tmpc_int=\count288
\l__fontspec_em_int=\count289
\l__fontspec_emdef_int=\count290
\l__fontspec_strong_int=\count291
\l__fontspec_strongdef_int=\count292
\l__fontspec_tmpa_dim=\dimen149
\l__fontspec_tmpb_dim=\dimen150
\l__fontspec_tmpc_dim=\dimen151
(/Users/r.kubinec/Library/TinyTeX/texmf-dist/tex/latex/base/fontenc.sty
Package: fontenc 2024/12/21 v2.1c Standard LaTeX package
) (/Users/r.kubinec/Library/TinyTeX/texmf-dist/tex/latex/fontspec/fontspec.cfg))) (/Users/r.kubinec/Library/TinyTeX/texmf-dist/tex/latex/geometry/geometry.sty
Package: geometry 2020/01/02 v5.9 Page Geometry
(/Users/r.kubinec/Library/TinyTeX/texmf-dist/tex/latex/graphics/keyval.sty
Package: keyval 2022/05/29 v1.15 key=value parser (DPC)
\KV@toks@=\toks17
) (/Users/r.kubinec/Library/TinyTeX/texmf-dist/tex/generic/iftex/ifvtex.sty
Package: ifvtex 2019/10/25 v1.7 ifvtex legacy package. Use iftex instead.
(/Users/r.kubinec/Library/TinyTeX/texmf-dist/tex/generic/iftex/iftex.sty
Package: iftex 2024/12/12 v1.0g TeX engine tests
))
\Gm@cnth=\count293
\Gm@cntv=\count294
\c@Gm@tempcnt=\count295
\Gm@bindingoffset=\dimen152
\Gm@wd@mp=\dimen153
\Gm@odd@mp=\dimen154
\Gm@even@mp=\dimen155
\Gm@layoutwidth=\dimen156
\Gm@layoutheight=\dimen157
\Gm@layouthoffset=\dimen158
\Gm@layoutvoffset=\dimen159
\Gm@dimlist=\toks18
) (/Users/r.kubinec/Library/TinyTeX/texmf-dist/tex/xelatex/xunicode/xunicode.sty
File: xunicode.sty 2011/09/09 v0.981 provides access to latin accents and many other characters in Unicode lower plane
(/Users/r.kubinec/Library/TinyTeX/texmf-dist/tex/latex/tipa/t3enc.def
File: t3enc.def 2001/12/31 T3 encoding
)
\tipaTiiicode=\count296
\tipasavetokens=\toks19
\tipachecktokens=\toks20
LaTeX Encoding Info:    Redeclaring text command \nobreakspace (encoding TU) on input line 1725.
LaTeX Encoding Info:    Redeclaring text command \copyright (encoding TU) on input line 1739.
LaTeX Encoding Info:    Redeclaring text command \AA (encoding TU) on input line 1785.
LaTeX Encoding Info:    Redeclaring text command \aa (encoding TU) on input line 1842.
(/Users/r.kubinec/Library/TinyTeX/texmf-dist/tex/latex/graphics/graphicx.sty
Package: graphicx 2024/12/31 v1.2e Enhanced LaTeX Graphics (DPC,SPQR)
(/Users/r.kubinec/Library/TinyTeX/texmf-dist/tex/latex/graphics/graphics.sty
Package: graphics 2024/08/06 v1.4g Standard LaTeX Graphics (DPC,SPQR)
(/Users/r.kubinec/Library/TinyTeX/texmf-dist/tex/latex/graphics/trig.sty
Package: trig 2023/12/02 v1.11 sin cos tan (DPC)
) (/Users/r.kubinec/Library/TinyTeX/texmf-dist/tex/latex/graphics-cfg/graphics.cfg
File: graphics.cfg 2016/06/04 v1.11 sample graphics configuration
)
Package graphics Info: Driver file: xetex.def on input line 106.
(/Users/r.kubinec/Library/TinyTeX/texmf-dist/tex/latex/graphics-def/xetex.def
File: xetex.def 2022/09/22 v5.0n Graphics/color driver for xetex
))
\Gin@req@height=\dimen160
\Gin@req@width=\dimen161
)
LaTeX Encoding Info:    Redeclaring text command \textrhookopeno (encoding TU) on input line 3119.
LaTeX Encoding Info:    Redeclaring text command \hbar (encoding TU) on input line 3636.
LaTeX Encoding Info:    Redeclaring text command \textaolig (encoding TU) on input line 3729.
) (/Users/r.kubinec/Library/TinyTeX/texmf-dist/tex/xelatex/xltxtra/xltxtra.sty
Package: xltxtra 2018/12/31 v0.7 Improvements for the "XeLaTeX" format
(/Users/r.kubinec/Library/TinyTeX/texmf-dist/tex/generic/iftex/ifluatex.sty
Package: ifluatex 2019/10/25 v1.5 ifluatex legacy package. Use iftex instead.
) (/Users/r.kubinec/Library/TinyTeX/texmf-dist/tex/generic/iftex/ifxetex.sty
Package: ifxetex 2019/10/25 v0.7 ifxetex legacy package. Use iftex instead.
) (/Users/r.kubinec/Library/TinyTeX/texmf-dist/tex/latex/realscripts/realscripts.sty
Package: realscripts 2016/02/13 v0.3d Access OpenType subscripts and superscripts
\subsupersep=\dimen162
) (/Users/r.kubinec/Library/TinyTeX/texmf-dist/tex/latex/metalogo/metalogo.sty
Package: metalogo 2010/05/29 v0.12 Extended TeX logo macros
\xl@everylogo=\toks21
\xl@@everylogo=\toks22
LaTeX Info: Redefining \TeX on input line 193.
LaTeX Info: Redefining \LaTeX on input line 202.
LaTeX Info: Redefining \LaTeXe on input line 219.
)
\l__xetex_show_hyphens_wrapping_box=\box53
\l__xetex_show_hyphens_temp_box=\box54
\l__xetex_show_hyphens_final_box=\box55
\g__xetex_show_hyphens_word_box=\box56
)

Package fontspec Info: 
(fontspec)             Font family 'GentiumBasic(0)' created for font 'Gentium
(fontspec)             Basic' with options
(fontspec)             [Mapping=tex-text,Ligatures=TeX,Ligatures={Common},BoldFont={Gentium
(fontspec)             Basic Bold},ItalicFont={Gentium Basic Italic}].
(fontspec)              
(fontspec)              This font family consists of the following NFSS
(fontspec)             series/shapes:
(fontspec)              
(fontspec)             - 'normal' (m/n) with NFSS spec.: <->"Gentium
(fontspec)             Basic/OT:script=latn;language=dflt;+liga;mapping=tex-text;"
(fontspec)             - 'bold' (b/n) with NFSS spec.: <->"Gentium Basic
(fontspec)             Bold/OT:script=latn;language=dflt;+liga;mapping=tex-text;"
(fontspec)             - 'italic' (m/it) with NFSS spec.: <->"Gentium Basic
(fontspec)             Italic/OT:script=latn;language=dflt;+liga;mapping=tex-text;"
(fontspec)             - 'bold italic' (b/it) with NFSS spec.: <->"Gentium
(fontspec)             Basic
(fontspec)             Italic/B/OT:script=latn;language=dflt;+liga;mapping=tex-text;"


Package fontspec Info: 
(fontspec)             Monaco scale = 0.8.


Package fontspec Info: 
(fontspec)             Could not resolve font "Monaco/BI" (it probably doesn't
(fontspec)             exist).


Package fontspec Info: 
(fontspec)             Could not resolve font "Monaco/B" (it probably doesn't
(fontspec)             exist).


Package fontspec Info: 
(fontspec)             Could not resolve font "Monaco/I" (it probably doesn't
(fontspec)             exist).


Package fontspec Info: 
(fontspec)             Monaco scale = 0.8.


Package fontspec Info: 
(fontspec)             Font family 'Monaco(0)' created for font 'Monaco' with
(fontspec)             options
(fontspec)             [Mapping=tex-text,WordSpace={1,0,0},HyphenChar=None,PunctuationSpace=WordSpace,Scale=0.8].
(fontspec)              
(fontspec)              This font family consists of the following NFSS
(fontspec)             series/shapes:
(fontspec)              
(fontspec)             - 'normal' (m/n) with NFSS spec.:
(fontspec)             <->s*[0.8]"Monaco/AAT:mapping=tex-text;"

(/Users/r.kubinec/Library/TinyTeX/texmf-dist/tex/latex/marginnote/marginnote.sty
Package: marginnote 2018/08/09 1.4b non floating margin notes for LaTeX
\c@mn@abspage=\count297
) (/Users/r.kubinec/Library/TinyTeX/texmf-dist/tex/latex/sectsty/sectsty.sty
Package: sectsty 2002/02/25 v2.0.2 Commands to change all sectional heading styles

LaTeX Warning: Command \underbar  has changed.
               Check if current package is valid.


LaTeX Warning: Command \underline  has changed.
               Check if current package is valid.

) (/Users/r.kubinec/Library/TinyTeX/texmf-dist/tex/generic/ulem/ulem.sty
\UL@box=\box57
\UL@hyphenbox=\box58
\UL@skip=\skip51
\UL@hook=\toks23
\UL@height=\dimen163
\UL@pe=\count298
\UL@pixel=\dimen164
\ULC@box=\box59
Package: ulem 2019/11/18
\ULdepth=\dimen165
) (/Users/r.kubinec/Library/TinyTeX/texmf-dist/tex/latex/hyperref/hyperref.sty
Package: hyperref 2025-07-12 v7.01o Hypertext links for LaTeX
(/Users/r.kubinec/Library/TinyTeX/texmf-dist/tex/latex/kvsetkeys/kvsetkeys.sty
Package: kvsetkeys 2022-10-05 v1.19 Key value parser (HO)
) (/Users/r.kubinec/Library/TinyTeX/texmf-dist/tex/generic/kvdefinekeys/kvdefinekeys.sty
Package: kvdefinekeys 2019-12-19 v1.6 Define keys (HO)
) (/Users/r.kubinec/Library/TinyTeX/texmf-dist/tex/generic/pdfescape/pdfescape.sty
Package: pdfescape 2019/12/09 v1.15 Implements pdfTeX's escape features (HO)
(/Users/r.kubinec/Library/TinyTeX/texmf-dist/tex/generic/ltxcmds/ltxcmds.sty
Package: ltxcmds 2023-12-04 v1.26 LaTeX kernel commands for general use (HO)
) (/Users/r.kubinec/Library/TinyTeX/texmf-dist/tex/generic/pdftexcmds/pdftexcmds.sty
Package: pdftexcmds 2020-06-27 v0.33 Utility functions of pdfTeX for LuaTeX (HO)
(/Users/r.kubinec/Library/TinyTeX/texmf-dist/tex/generic/infwarerr/infwarerr.sty
Package: infwarerr 2019/12/03 v1.5 Providing info/warning/error messages (HO)
)
Package pdftexcmds Info: \pdf@primitive is available.
Package pdftexcmds Info: \pdf@ifprimitive is available.
Package pdftexcmds Info: \pdfdraftmode not found.
)) (/Users/r.kubinec/Library/TinyTeX/texmf-dist/tex/latex/hycolor/hycolor.sty
Package: hycolor 2020-01-27 v1.10 Color options for hyperref/bookmark (HO)
) (/Users/r.kubinec/Library/TinyTeX/texmf-dist/tex/latex/hyperref/nameref.sty
Package: nameref 2025-06-21 v2.57 Cross-referencing by name of section
(/Users/r.kubinec/Library/TinyTeX/texmf-dist/tex/latex/refcount/refcount.sty
Package: refcount 2019/12/15 v3.6 Data extraction from label references (HO)
) (/Users/r.kubinec/Library/TinyTeX/texmf-dist/tex/generic/gettitlestring/gettitlestring.sty
Package: gettitlestring 2019/12/15 v1.6 Cleanup title references (HO)
(/Users/r.kubinec/Library/TinyTeX/texmf-dist/tex/latex/kvoptions/kvoptions.sty
Package: kvoptions 2022-06-15 v3.15 Key value format for package options (HO)
))
\c@section@level=\count299
) (/Users/r.kubinec/Library/TinyTeX/texmf-dist/tex/latex/etoolbox/etoolbox.sty
Package: etoolbox 2025/02/11 v2.5l e-TeX tools for LaTeX (JAW)
\etb@tempcnta=\count300
) (/Users/r.kubinec/Library/TinyTeX/texmf-dist/tex/generic/stringenc/stringenc.sty
Package: stringenc 2019/11/29 v1.12 Convert strings between diff. encodings (HO)
)
\@linkdim=\dimen166
\Hy@linkcounter=\count301
\Hy@pagecounter=\count302
(/Users/r.kubinec/Library/TinyTeX/texmf-dist/tex/latex/hyperref/pd1enc.def
File: pd1enc.def 2025-07-12 v7.01o Hyperref: PDFDocEncoding definition (HO)
) (/Users/r.kubinec/Library/TinyTeX/texmf-dist/tex/generic/intcalc/intcalc.sty
Package: intcalc 2019/12/15 v1.3 Expandable calculations with integers (HO)
)
\Hy@SavedSpaceFactor=\count303
(/Users/r.kubinec/Library/TinyTeX/texmf-dist/tex/latex/hyperref/puenc.def
File: puenc.def 2025-07-12 v7.01o Hyperref: PDF Unicode definition (HO)
(./puenc-greek.def
File: puenc-greek.def 2023/03/08 2.2.1 Greek LICRs for PDF strings
(./greek-fontenc.def
File: greek-fontenc.def 2023-06-01 2.3 Common Greek font encoding definitions
)
LaTeX Encoding Info:    Redeclaring text command \textmu (encoding PU) on input line 176.
)
LaTeX Encoding Info:    Redeclaring text command \textohm (encoding PU) on input line 1176.
)
Package hyperref Info: Option `bookmarks' set `true' on input line 4066.
Package hyperref Info: Option `colorlinks' set `true' on input line 4066.
Package hyperref Info: Option `breaklinks' set `true' on input line 4066.
Package hyperref Info: Hyper figures OFF on input line 4195.
Package hyperref Info: Link nesting OFF on input line 4200.
Package hyperref Info: Hyper index ON on input line 4203.
Package hyperref Info: Plain pages OFF on input line 4210.
Package hyperref Info: Backreferencing OFF on input line 4215.
Package hyperref Info: Implicit mode ON; LaTeX internals redefined.
Package hyperref Info: Bookmarks ON on input line 4462.
\c@Hy@tempcnt=\count304
(/Users/r.kubinec/Library/TinyTeX/texmf-dist/tex/latex/url/url.sty
\Urlmuskip=\muskip17
Package: url 2013/09/16  ver 3.4  Verb mode for urls, etc.
)
LaTeX Info: Redefining \url on input line 4801.
\XeTeXLinkMargin=\dimen167
(/Users/r.kubinec/Library/TinyTeX/texmf-dist/tex/generic/bitset/bitset.sty
Package: bitset 2019/12/09 v1.3 Handle bit-vector datatype (HO)
(/Users/r.kubinec/Library/TinyTeX/texmf-dist/tex/generic/bigintcalc/bigintcalc.sty
Package: bigintcalc 2019/12/15 v1.5 Expandable calculations on big integers (HO)
))
\Fld@menulength=\count305
\Field@Width=\dimen168
\Fld@charsize=\dimen169
Package hyperref Info: Hyper figures OFF on input line 6078.
Package hyperref Info: Link nesting OFF on input line 6083.
Package hyperref Info: Hyper index ON on input line 6086.
Package hyperref Info: backreferencing OFF on input line 6093.
Package hyperref Info: Link coloring ON on input line 6096.
Package hyperref Info: Link coloring with OCG OFF on input line 6103.
Package hyperref Info: PDF/A mode OFF on input line 6108.
\Hy@abspage=\count306
\c@Item=\count307
\c@Hfootnote=\count308
)
Package hyperref Info: Driver (autodetected): hxetex.
(/Users/r.kubinec/Library/TinyTeX/texmf-dist/tex/latex/hyperref/hxetex.def
File: hxetex.def 2025-07-12 v7.01o Hyperref driver for XeTeX
\pdfm@box=\box60
\c@Hy@AnnotLevel=\count309
\HyField@AnnotCount=\count310
\Fld@listcount=\count311
\c@bookmark@seq@number=\count312
(/Users/r.kubinec/Library/TinyTeX/texmf-dist/tex/latex/rerunfilecheck/rerunfilecheck.sty
Package: rerunfilecheck 2025-06-21 v1.11 Rerun checks for auxiliary files (HO)
(/Users/r.kubinec/Library/TinyTeX/texmf-dist/tex/generic/uniquecounter/uniquecounter.sty
Package: uniquecounter 2019/12/15 v1.4 Provide unlimited unique counter (HO)
)
Package uniquecounter Info: New unique counter `rerunfilecheck' on input line 284.
)
\Hy@SectionHShift=\skip52
) (/Users/r.kubinec/Library/TinyTeX/texmf-dist/tex/latex/doi/doi.sty
Package: doi 2018/09/09 handle doi numbers
) (./Robert_Kubinec_CV_full.aux)
\openout1 = `Robert_Kubinec_CV_full.aux'.

LaTeX Font Info:    Checking defaults for OML/cmm/m/it on input line 53.
LaTeX Font Info:    ... okay on input line 53.
LaTeX Font Info:    Checking defaults for OMS/cmsy/m/n on input line 53.
LaTeX Font Info:    ... okay on input line 53.
LaTeX Font Info:    Checking defaults for OT1/cmr/m/n on input line 53.
LaTeX Font Info:    ... okay on input line 53.
LaTeX Font Info:    Checking defaults for T1/cmr/m/n on input line 53.
LaTeX Font Info:    ... okay on input line 53.
LaTeX Font Info:    Checking defaults for TS1/cmr/m/n on input line 53.
LaTeX Font Info:    ... okay on input line 53.
LaTeX Font Info:    Checking defaults for TU/lmr/m/n on input line 53.
LaTeX Font Info:    ... okay on input line 53.
LaTeX Font Info:    Checking defaults for OMX/cmex/m/n on input line 53.
LaTeX Font Info:    ... okay on input line 53.
LaTeX Font Info:    Checking defaults for U/cmr/m/n on input line 53.
LaTeX Font Info:    ... okay on input line 53.
LaTeX Font Info:    Checking defaults for T3/cmr/m/n on input line 53.
LaTeX Font Info:    Trying to load font information for T3+cmr on input line 53.
(/Users/r.kubinec/Library/TinyTeX/texmf-dist/tex/latex/tipa/t3cmr.fd
File: t3cmr.fd 2001/12/31 TIPA font definitions
)
LaTeX Font Info:    ... okay on input line 53.
LaTeX Font Info:    Checking defaults for PD1/pdf/m/n on input line 53.
LaTeX Font Info:    ... okay on input line 53.
LaTeX Font Info:    Checking defaults for PU/pdf/m/n on input line 53.
LaTeX Font Info:    ... okay on input line 53.

Package fontspec Info: 
(fontspec)             Adjusting the maths setup (use [no-math] to avoid
(fontspec)             this).

\symlegacymaths=\mathgroup4
LaTeX Font Info:    Overwriting symbol font `legacymaths' in version `bold'
(Font)                  OT1/cmr/m/n --> OT1/cmr/bx/n on input line 53.
LaTeX Font Info:    Redeclaring math accent \acute on input line 53.
LaTeX Font Info:    Redeclaring math accent \grave on input line 53.
LaTeX Font Info:    Redeclaring math accent \ddot on input line 53.
LaTeX Font Info:    Redeclaring math accent \tilde on input line 53.
LaTeX Font Info:    Redeclaring math accent \bar on input line 53.
LaTeX Font Info:    Redeclaring math accent \breve on input line 53.
LaTeX Font Info:    Redeclaring math accent \check on input line 53.
LaTeX Font Info:    Redeclaring math accent \hat on input line 53.
LaTeX Font Info:    Redeclaring math accent \dot on input line 53.
LaTeX Font Info:    Redeclaring math accent \mathring on input line 53.
LaTeX Font Info:    Redeclaring math symbol \colon on input line 53.
LaTeX Font Info:    Redeclaring math symbol \Gamma on input line 53.
LaTeX Font Info:    Redeclaring math symbol \Delta on input line 53.
LaTeX Font Info:    Redeclaring math symbol \Theta on input line 53.
LaTeX Font Info:    Redeclaring math symbol \Lambda on input line 53.
LaTeX Font Info:    Redeclaring math symbol \Xi on input line 53.
LaTeX Font Info:    Redeclaring math symbol \Pi on input line 53.
LaTeX Font Info:    Redeclaring math symbol \Sigma on input line 53.
LaTeX Font Info:    Redeclaring math symbol \Upsilon on input line 53.
LaTeX Font Info:    Redeclaring math symbol \Phi on input line 53.
LaTeX Font Info:    Redeclaring math symbol \Psi on input line 53.
LaTeX Font Info:    Redeclaring math symbol \Omega on input line 53.
LaTeX Font Info:    Redeclaring math symbol \mathdollar on input line 53.
LaTeX Font Info:    Redeclaring symbol font `operators' on input line 53.
LaTeX Font Info:    Encoding `OT1' has changed to `TU' for symbol font
(Font)              `operators' in the math version `normal' on input line 53.
LaTeX Font Info:    Overwriting symbol font `operators' in version `normal'
(Font)                  OT1/cmr/m/n --> TU/GentiumBasic(0)/m/n on input line 53.
LaTeX Font Info:    Encoding `OT1' has changed to `TU' for symbol font
(Font)              `operators' in the math version `bold' on input line 53.
LaTeX Font Info:    Overwriting symbol font `operators' in version `bold'
(Font)                  OT1/cmr/bx/n --> TU/GentiumBasic(0)/m/n on input line 53.
LaTeX Font Info:    Overwriting symbol font `operators' in version `normal'
(Font)                  TU/GentiumBasic(0)/m/n --> TU/GentiumBasic(0)/m/n on input line 53.
LaTeX Font Info:    Overwriting math alphabet `\mathit' in version `normal'
(Font)                  OT1/cmr/m/it --> TU/GentiumBasic(0)/m/it on input line 53.
LaTeX Font Info:    Overwriting math alphabet `\mathbf' in version `normal'
(Font)                  OT1/cmr/bx/n --> TU/GentiumBasic(0)/b/n on input line 53.
LaTeX Font Info:    Overwriting math alphabet `\mathsf' in version `normal'
(Font)                  OT1/cmss/m/n --> TU/lmss/m/n on input line 53.
LaTeX Font Info:    Overwriting math alphabet `\mathtt' in version `normal'
(Font)                  OT1/cmtt/m/n --> TU/Monaco(0)/m/n on input line 53.
LaTeX Font Info:    Overwriting symbol font `operators' in version `bold'
(Font)                  TU/GentiumBasic(0)/m/n --> TU/GentiumBasic(0)/b/n on input line 53.
LaTeX Font Info:    Overwriting math alphabet `\mathit' in version `bold'
(Font)                  OT1/cmr/bx/it --> TU/GentiumBasic(0)/b/it on input line 53.
LaTeX Font Info:    Overwriting math alphabet `\mathsf' in version `bold'
(Font)                  OT1/cmss/bx/n --> TU/lmss/b/n on input line 53.
LaTeX Font Info:    Overwriting math alphabet `\mathtt' in version `bold'
(Font)                  OT1/cmtt/m/n --> TU/Monaco(0)/b/n on input line 53.
*geometry* driver: auto-detecting
*geometry* detected driver: xetex
*geometry* verbose mode - [ preamble ] result:
* driver: xetex
* paper: a4paper
* layout: <same size as paper>
* layoutoffset:(h,v)=(0.0pt,0.0pt)
* modes: 
* h-part:(L,W,R)=(100.01144pt, 397.48499pt, 100.01144pt)
* v-part:(T,H,B)=(92.30072pt, 614.295pt, 138.45113pt)
* \paperwidth=597.50787pt
* \paperheight=845.04684pt
* \textwidth=397.48499pt
* \textheight=614.295pt
* \oddsidemargin=27.74146pt
* \evensidemargin=27.74146pt
* \topmargin=-16.96927pt
* \headheight=12.0pt
* \headsep=25.0pt
* \topskip=11.0pt
* \footskip=30.0pt
* \marginparwidth=43.36243pt
* \marginparsep=7.0pt
* \columnsep=10.0pt
* \skip\footins=10.0pt plus 4.0pt minus 2.0pt
* \hoffset=0.0pt
* \voffset=0.0pt
* \mag=1000
* \@twocolumnfalse
* \@twosidefalse
* \@mparswitchfalse
* \@reversemargintrue
* (1in=72.27pt=25.4mm, 1cm=28.453pt)

(/Users/r.kubinec/Library/TinyTeX/texmf-dist/tex/latex/graphics/color.sty
Package: color 2025/01/14 v1.3e Standard LaTeX Color (DPC)
(/Users/r.kubinec/Library/TinyTeX/texmf-dist/tex/latex/graphics-cfg/color.cfg
File: color.cfg 2016/01/02 v1.6 sample color configuration
)
Package color Info: Driver file: xetex.def on input line 149.
(/Users/r.kubinec/Library/TinyTeX/texmf-dist/tex/latex/graphics/mathcolor.ltx))
Package hyperref Info: Link coloring ON on input line 53.
(./Robert_Kubinec_CV_full.out) (./Robert_Kubinec_CV_full.out)
\@outlinefile=\write3
\openout3 = `Robert_Kubinec_CV_full.out'.


LaTeX Font Warning: Font shape `TU/GentiumBasic(0)/m/sc' undefined
(Font)              using `TU/GentiumBasic(0)/m/n' instead on input line 58.


Underfull \hbox (badness 10000) in paragraph at lines 54--59

 []

Package marginnote Info: Margin note 1.1 is on absolute page 1 on input line 63.
Package marginnote Info: right page because not two side mode on input line 63.
Package marginnote Info: xpos seems to be 100.01144pt on input line 63.

Underfull \hbox (badness 10000) in paragraph at lines 62--64

 []

Package marginnote Info: Margin note 1.2 is on absolute page 1 on input line 67.
Package marginnote Info: right page because not two side mode on input line 67.
Package marginnote Info: xpos seems to be 100.01144pt on input line 67.
Package marginnote Info: Margin note 1.3 is on absolute page 1 on input line 68.
Package marginnote Info: right page because not two side mode on input line 68.
Package marginnote Info: xpos seems to be 100.01144pt on input line 68.

Underfull \hbox (badness 10000) in paragraph at lines 66--69

 []

Package marginnote Info: Margin note 1.4 is on absolute page 1 on input line 73.
Package marginnote Info: right page because not two side mode on input line 73.
Package marginnote Info: xpos seems to be 100.01144pt on input line 73.
Package marginnote Info: Margin note 1.5 is on absolute page 1 on input line 74.
Package marginnote Info: right page because not two side mode on input line 74.
Package marginnote Info: xpos seems to be 100.01144pt on input line 74.
Package marginnote Info: Margin note 1.6 is on absolute page 1 on input line 75.
Package marginnote Info: right page because not two side mode on input line 75.
Package marginnote Info: xpos seems to be 100.01144pt on input line 75.
Package marginnote Info: Margin note 1.7 is on absolute page 1 on input line 85.
Package marginnote Info: right page because not two side mode on input line 85.
Package marginnote Info: xpos seems to be 100.01144pt on input line 85.


[1

]
Package marginnote Info: Margin note 2.1 is on absolute page 2 on input line 95.
Package marginnote Info: right page because not two side mode on input line 95.
Package marginnote Info: xpos seems to be 100.01144pt on input line 95.
LaTeX Font Info:    Font shape `TU/Monaco(0)/m/n' will be
(Font)              scaled to size 8.76003pt on input line 95.
LaTeX Font Info:    External font `cmex10' loaded for size
(Font)              <10.95> on input line 95.
LaTeX Font Info:    External font `cmex10' loaded for size
(Font)              <8> on input line 95.
LaTeX Font Info:    External font `cmex10' loaded for size
(Font)              <6> on input line 95.

Overfull \hbox (0.17776pt too wide) in paragraph at lines 95--96
\TU/GentiumBasic(0)/m/it/10.95 Political Science Research and Methods\TU/GentiumBasic(0)/m/sc/10.95 . [][]$[][][][][] [] [] [] [][][][][][][][][][][][][] [] [][][][][][][][][] [] [][][] [] [][][][][][][][] []
 []


Underfull \hbox (badness 10000) in paragraph at lines 95--96

 []

Package marginnote Info: Margin note 2.2 is on absolute page 2 on input line 97.
Package marginnote Info: right page because not two side mode on input line 97.
Package marginnote Info: xpos seems to be 100.01144pt on input line 97.

Underfull \hbox (badness 10000) in paragraph at lines 97--98

 []

Package marginnote Info: Margin note 2.3 is on absolute page 2 on input line 99.
Package marginnote Info: right page because not two side mode on input line 99.
Package marginnote Info: xpos seems to be 100.01144pt on input line 99.

Underfull \hbox (badness 10000) in paragraph at lines 99--100

 []

Package marginnote Info: Margin note 2.4 is on absolute page 2 on input line 101.
Package marginnote Info: right page because not two side mode on input line 101.
Package marginnote Info: xpos seems to be 100.01144pt on input line 101.

Overfull \hbox (1.60983pt too wide) in paragraph at lines 101--102
\TU/GentiumBasic(0)/m/sc/10.95 Caress; Cheng, Cindy; Hale, Thomas; Spencer Hartnett; Allison, Messerschmidt, Luca; Peth-
 []


Overfull \hbox (12.4782pt too wide) in paragraph at lines 101--102
\TU/GentiumBasic(0)/m/sc/10.95 of COVID-19 Public Health Policies.” Forthcoming at the \TU/GentiumBasic(0)/m/it/10.95 Journal of Politics\TU/GentiumBasic(0)/m/sc/10.95 . doi:[][]10.1086/734241[][]. 
 []


Underfull \hbox (badness 10000) in paragraph at lines 101--102

 []

Package marginnote Info: Margin note 2.5 is on absolute page 2 on input line 103.
Package marginnote Info: right page because not two side mode on input line 103.
Package marginnote Info: xpos seems to be 100.01144pt on input line 103.

Underfull \hbox (badness 10000) in paragraph at lines 103--104

 []

Package marginnote Info: Margin note 2.6 is on absolute page 2 on input line 105.
Package marginnote Info: right page because not two side mode on input line 105.
Package marginnote Info: xpos seems to be 100.01144pt on input line 105.

Underfull \hbox (badness 10000) in paragraph at lines 105--106

 []

Package marginnote Info: Margin note 2.7 is on absolute page 2 on input line 107.
Package marginnote Info: right page because not two side mode on input line 107.
Package marginnote Info: xpos seems to be 100.01144pt on input line 107.

Overfull \hbox (9.17749pt too wide) in paragraph at lines 107--108
\TU/GentiumBasic(0)/m/sc/10.95 Test of the Rentier State during Algeria’s Hirak.” \TU/GentiumBasic(0)/m/it/10.95 World Politics\TU/GentiumBasic(0)/m/sc/10.95 . doi:[][]10.1353/wp.2024.a924508[][]. 
 []


Underfull \hbox (badness 10000) in paragraph at lines 107--108

 []

Package marginnote Info: Margin note 2.8 is on absolute page 2 on input line 109.
Package marginnote Info: right page because not two side mode on input line 109.
Package marginnote Info: xpos seems to be 100.01144pt on input line 109.

Overfull \hbox (20.65202pt too wide) in paragraph at lines 109--110
\TU/GentiumBasic(0)/m/sc/10.95 nections Can Impede Investment.” \TU/GentiumBasic(0)/m/it/10.95 Comparative Political Studies \TU/GentiumBasic(0)/m/sc/10.95 doi:[][]10.1177/00104140231204227[][]. 
 []


Underfull \hbox (badness 10000) in paragraph at lines 109--110

 []

Package marginnote Info: Margin note 2.9 is on absolute page 2 on input line 111.
Package marginnote Info: right page because not two side mode on input line 111.
Package marginnote Info: xpos seems to be 100.01144pt on input line 111.

Overfull \hbox (88.6903pt too wide) in paragraph at lines 111--112
\TU/GentiumBasic(0)/m/sc/10.95 Legacies of Violence Shaped Algeria’s Hirak Protests.” \TU/GentiumBasic(0)/m/it/10.95 Journal of Peace Research \TU/GentiumBasic(0)/m/sc/10.95 doi:[][]10.1177/00223433221137613[][]. 
 []


Underfull \hbox (badness 10000) in paragraph at lines 111--112

 []

Package marginnote Info: Margin note 2.10 is on absolute page 2 on input line 113.
Package marginnote Info: right page because not two side mode on input line 113.
Package marginnote Info: xpos seems to be 100.01144pt on input line 113.

Underfull \hbox (badness 10000) in paragraph at lines 113--114

 []

Package marginnote Info: Margin note 2.11 is on absolute page 2 on input line 115.
Package marginnote Info: right page because not two side mode on input line 115.
Package marginnote Info: xpos seems to be 100.01144pt on input line 115.

Underfull \hbox (badness 10000) in paragraph at lines 115--116

 []

Package marginnote Info: Margin note 2.12 is on absolute page 3 on input line 117.
Package marginnote Info: right page because not two side mode on input line 117.
Package marginnote Info: xpos seems to be 100.01144pt on input line 117.


[2]
Underfull \hbox (badness 10000) in paragraph at lines 117--118

 []

Package marginnote Info: Margin note 3.1 is on absolute page 3 on input line 119.
Package marginnote Info: right page because not two side mode on input line 119.
Package marginnote Info: xpos seems to be 100.01144pt on input line 119.

Overfull \hbox (0.68579pt too wide) in paragraph at lines 119--120
\TU/GentiumBasic(0)/m/sc/10.95 larization with Twitter from the Arab Uprisings.” \TU/GentiumBasic(0)/m/it/10.95 Political Analysis \TU/GentiumBasic(0)/m/sc/10.95 doi:[][]10.1017/pan.2020.46[][]. 
 []


Underfull \hbox (badness 10000) in paragraph at lines 119--120

 []

Package marginnote Info: Margin note 3.2 is on absolute page 3 on input line 121.
Package marginnote Info: right page because not two side mode on input line 121.
Package marginnote Info: xpos seems to be 100.01144pt on input line 121.

Underfull \hbox (badness 10000) in paragraph at lines 121--122

 []

Package marginnote Info: Margin note 3.3 is on absolute page 3 on input line 123.
Package marginnote Info: right page because not two side mode on input line 123.
Package marginnote Info: xpos seems to be 100.01144pt on input line 123.
Package marginnote Info: Margin note 3.4 is on absolute page 3 on input line 128.
Package marginnote Info: right page because not two side mode on input line 128.
Package marginnote Info: xpos seems to be 100.01144pt on input line 128.

Overfull \hbox (73.32156pt too wide) in paragraph at lines 128--129
\TU/GentiumBasic(0)/m/sc/10.95 rial For Using Beta Regression in Psychological Research.” \TU/GentiumBasic(0)/m/it/10.95 PsyArchiv Preprint\TU/GentiumBasic(0)/m/sc/10.95 . doi:[][]10.31234/osf.io/d6v5t_v1[][]. 
 []

Package marginnote Info: Margin note 3.5 is on absolute page 3 on input line 134.
Package marginnote Info: right page because not two side mode on input line 134.
Package marginnote Info: xpos seems to be 100.01144pt on input line 134.

Underfull \hbox (badness 10000) in paragraph at lines 134--135

 []

Package marginnote Info: Margin note 3.6 is on absolute page 3 on input line 141.
Package marginnote Info: right page because not two side mode on input line 141.
Package marginnote Info: xpos seems to be 100.01144pt on input line 141.

Underfull \hbox (badness 10000) in paragraph at lines 141--142

 []

Package marginnote Info: Margin note 3.7 is on absolute page 3 on input line 147.
Package marginnote Info: right page because not two side mode on input line 147.
Package marginnote Info: xpos seems to be 100.01144pt on input line 147.

Overfull \hbox (49.64651pt too wide) in paragraph at lines 147--148
\TU/GentiumBasic(0)/m/sc/10.95 Study Design and Preregistration in the Social Sciences.” \TU/GentiumBasic(0)/m/it/10.95 SocArchiv Preprint\TU/GentiumBasic(0)/m/sc/10.95 . doi:[][]10.31235/osf.io/a492b[][] 
 []


Underfull \hbox (badness 10000) in paragraph at lines 147--148

 []

Package marginnote Info: Margin note 3.8 is on absolute page 3 on input line 153.
Package marginnote Info: right page because not two side mode on input line 153.
Package marginnote Info: xpos seems to be 100.01144pt on input line 153.

Underfull \hbox (badness 10000) in paragraph at lines 153--154

 []

Package marginnote Info: Margin note 3.9 is on absolute page 4 on input line 159.
Package marginnote Info: right page because not two side mode on input line 159.
Package marginnote Info: xpos seems to be 100.01144pt on input line 159.

Underfull \hbox (badness 10000) in paragraph at lines 159--160

 []



[3]
Package marginnote Info: Margin note 4.1 is on absolute page 4 on input line 165.
Package marginnote Info: right page because not two side mode on input line 165.
Package marginnote Info: xpos seems to be 100.01144pt on input line 165.

Overfull \hbox (40.33063pt too wide) in paragraph at lines 165--166
\TU/GentiumBasic(0)/m/sc/10.95 tional, United, nor Governments: The Case of Tunisia.” \TU/GentiumBasic(0)/m/it/10.95 SocArchiv Preprint\TU/GentiumBasic(0)/m/sc/10.95 . doi:[][]10.31235/osf.io/6z74r[][] 
 []


Underfull \hbox (badness 10000) in paragraph at lines 165--166

 []

Package marginnote Info: Margin note 4.2 is on absolute page 4 on input line 167.
Package marginnote Info: right page because not two side mode on input line 167.
Package marginnote Info: xpos seems to be 100.01144pt on input line 167.

Overfull \hbox (430.72096pt too wide) in paragraph at lines 167--168
\TU/GentiumBasic(0)/m/it/10.95 ries\TU/GentiumBasic(0)/m/sc/10.95 . No. 1280. [][]$[][][][][] [] [] [] [][][] [] [][][] [] [][] [] [][][][][][][][][][][][] [] [][][][][][][][][][][][][][][][][][][][][][][][][][][][][][][][][][][][][][][][][][][][][][][][][][][][][][][][][][][][][][][][][][][][][][][][][][][][][][][][][][][][][][][][][][][][][][][][][][][][][][][][][][][][][][][][][][][][][][][][][][][][][][]$[][] 
 []


Underfull \hbox (badness 10000) in paragraph at lines 167--168

 []

Package marginnote Info: Margin note 4.3 is on absolute page 4 on input line 172.
Package marginnote Info: right page because not two side mode on input line 172.
Package marginnote Info: xpos seems to be 100.01144pt on input line 172.

Underfull \hbox (badness 10000) in paragraph at lines 172--173

 []

Package marginnote Info: Margin note 4.4 is on absolute page 4 on input line 174.
Package marginnote Info: right page because not two side mode on input line 174.
Package marginnote Info: xpos seems to be 100.01144pt on input line 174.

Underfull \hbox (badness 10000) in paragraph at lines 174--175

 []

Package marginnote Info: Margin note 4.5 is on absolute page 4 on input line 176.
Package marginnote Info: right page because not two side mode on input line 176.
Package marginnote Info: xpos seems to be 100.01144pt on input line 176.

Underfull \hbox (badness 10000) in paragraph at lines 176--177

 []

Package marginnote Info: Margin note 4.6 is on absolute page 4 on input line 178.
Package marginnote Info: right page because not two side mode on input line 178.
Package marginnote Info: xpos seems to be 100.01144pt on input line 178.

Underfull \hbox (badness 10000) in paragraph at lines 178--179

 []

Package marginnote Info: Margin note 4.7 is on absolute page 4 on input line 180.
Package marginnote Info: right page because not two side mode on input line 180.
Package marginnote Info: xpos seems to be 100.01144pt on input line 180.

Underfull \hbox (badness 10000) in paragraph at lines 180--181

 []

Package marginnote Info: Margin note 4.8 is on absolute page 4 on input line 182.
Package marginnote Info: right page because not two side mode on input line 182.
Package marginnote Info: xpos seems to be 100.01144pt on input line 182.

Underfull \hbox (badness 10000) in paragraph at lines 182--183

 []

Package marginnote Info: Margin note 4.9 is on absolute page 4 on input line 184.
Package marginnote Info: right page because not two side mode on input line 184.
Package marginnote Info: xpos seems to be 100.01144pt on input line 184.

Underfull \hbox (badness 10000) in paragraph at lines 184--185

 []

Package marginnote Info: Margin note 4.10 is on absolute page 4 on input line 186.
Package marginnote Info: right page because not two side mode on input line 186.
Package marginnote Info: xpos seems to be 100.01144pt on input line 186.

Underfull \hbox (badness 10000) in paragraph at lines 186--187

 []

Package marginnote Info: Margin note 4.11 is on absolute page 4 on input line 188.
Package marginnote Info: right page because not two side mode on input line 188.
Package marginnote Info: xpos seems to be 100.01144pt on input line 188.

Underfull \hbox (badness 10000) in paragraph at lines 188--189

 []



[4]
Package marginnote Info: Margin note 5.1 is on absolute page 5 on input line 192.
Package marginnote Info: right page because not two side mode on input line 192.
Package marginnote Info: xpos seems to be 100.01144pt on input line 192.

Underfull \hbox (badness 10000) in paragraph at lines 192--193

 []

Package marginnote Info: Margin note 5.2 is on absolute page 5 on input line 194.
Package marginnote Info: right page because not two side mode on input line 194.
Package marginnote Info: xpos seems to be 100.01144pt on input line 194.

Underfull \hbox (badness 10000) in paragraph at lines 194--195

 []

Package marginnote Info: Margin note 5.3 is on absolute page 5 on input line 198.
Package marginnote Info: right page because not two side mode on input line 198.
Package marginnote Info: xpos seems to be 100.01144pt on input line 198.

Underfull \hbox (badness 10000) in paragraph at lines 198--199

 []

Package marginnote Info: Margin note 5.4 is on absolute page 5 on input line 200.
Package marginnote Info: right page because not two side mode on input line 200.
Package marginnote Info: xpos seems to be 100.01144pt on input line 200.

Underfull \hbox (badness 10000) in paragraph at lines 200--201

 []

Package marginnote Info: Margin note 5.5 is on absolute page 5 on input line 202.
Package marginnote Info: right page because not two side mode on input line 202.
Package marginnote Info: xpos seems to be 100.01144pt on input line 202.

Underfull \hbox (badness 10000) in paragraph at lines 202--203

 []

Package marginnote Info: Margin note 5.6 is on absolute page 5 on input line 208.
Package marginnote Info: right page because not two side mode on input line 208.
Package marginnote Info: xpos seems to be 100.01144pt on input line 208.
Package marginnote Info: Margin note 5.7 is on absolute page 5 on input line 209.
Package marginnote Info: right page because not two side mode on input line 209.
Package marginnote Info: xpos seems to be 100.01144pt on input line 209.
Package marginnote Info: Margin note 5.8 is on absolute page 5 on input line 210.
Package marginnote Info: right page because not two side mode on input line 210.
Package marginnote Info: xpos seems to be 100.01144pt on input line 210.
Package marginnote Info: Margin note 5.9 is on absolute page 5 on input line 211.
Package marginnote Info: right page because not two side mode on input line 211.
Package marginnote Info: xpos seems to be 100.01144pt on input line 211.
Package marginnote Info: Margin note 5.10 is on absolute page 5 on input line 212.
Package marginnote Info: right page because not two side mode on input line 212.
Package marginnote Info: xpos seems to be 100.01144pt on input line 212.

Underfull \hbox (badness 10000) in paragraph at lines 207--213

 []

Package marginnote Info: Margin note 5.11 is on absolute page 5 on input line 216.
Package marginnote Info: right page because not two side mode on input line 216.
Package marginnote Info: xpos seems to be 100.01144pt on input line 216.
Package marginnote Info: Margin note 5.12 is on absolute page 5 on input line 217.
Package marginnote Info: right page because not two side mode on input line 217.
Package marginnote Info: xpos seems to be 100.01144pt on input line 217.
Package marginnote Info: Margin note 5.13 is on absolute page 5 on input line 218.
Package marginnote Info: right page because not two side mode on input line 218.
Package marginnote Info: xpos seems to be 100.01144pt on input line 218.
Package marginnote Info: Margin note 5.14 is on absolute page 5 on input line 219.
Package marginnote Info: right page because not two side mode on input line 219.
Package marginnote Info: xpos seems to be 100.01144pt on input line 219.
Package marginnote Info: Margin note 5.15 is on absolute page 5 on input line 220.
Package marginnote Info: right page because not two side mode on input line 220.
Package marginnote Info: xpos seems to be 100.01144pt on input line 220.
Package marginnote Info: Margin note 5.16 is on absolute page 5 on input line 221.
Package marginnote Info: right page because not two side mode on input line 221.
Package marginnote Info: xpos seems to be 100.01144pt on input line 221.
Package marginnote Info: Margin note 5.17 is on absolute page 5 on input line 222.
Package marginnote Info: right page because not two side mode on input line 222.
Package marginnote Info: xpos seems to be 100.01144pt on input line 222.
Package marginnote Info: Margin note 5.18 is on absolute page 5 on input line 223.
Package marginnote Info: right page because not two side mode on input line 223.
Package marginnote Info: xpos seems to be 100.01144pt on input line 223.
Package marginnote Info: Margin note 5.19 is on absolute page 5 on input line 224.
Package marginnote Info: right page because not two side mode on input line 224.
Package marginnote Info: xpos seems to be 100.01144pt on input line 224.

Underfull \hbox (badness 10000) in paragraph at lines 215--225

 []

Package marginnote Info: Margin note 5.20 is on absolute page 6 on input line 227.
Package marginnote Info: right page because not two side mode on input line 227.
Package marginnote Info: xpos seems to be 100.01144pt on input line 227.


[5]
Package marginnote Info: Margin note 6.1 is on absolute page 6 on input line 228.
Package marginnote Info: right page because not two side mode on input line 228.
Package marginnote Info: xpos seems to be 100.01144pt on input line 228.
Package marginnote Info: Margin note 6.2 is on absolute page 6 on input line 229.
Package marginnote Info: right page because not two side mode on input line 229.
Package marginnote Info: xpos seems to be 100.01144pt on input line 229.
Package marginnote Info: Margin note 6.3 is on absolute page 6 on input line 230.
Package marginnote Info: right page because not two side mode on input line 230.
Package marginnote Info: xpos seems to be 100.01144pt on input line 230.
Package marginnote Info: Margin note 6.4 is on absolute page 6 on input line 231.
Package marginnote Info: right page because not two side mode on input line 231.
Package marginnote Info: xpos seems to be 100.01144pt on input line 231.
Package marginnote Info: Margin note 6.5 is on absolute page 6 on input line 232.
Package marginnote Info: right page because not two side mode on input line 232.
Package marginnote Info: xpos seems to be 100.01144pt on input line 232.
Package marginnote Info: Margin note 6.6 is on absolute page 6 on input line 233.
Package marginnote Info: right page because not two side mode on input line 233.
Package marginnote Info: xpos seems to be 100.01144pt on input line 233.
Package marginnote Info: Margin note 6.7 is on absolute page 6 on input line 234.
Package marginnote Info: right page because not two side mode on input line 234.
Package marginnote Info: xpos seems to be 100.01144pt on input line 234.

Underfull \hbox (badness 10000) in paragraph at lines 227--235

 []

Package marginnote Info: Margin note 6.8 is on absolute page 6 on input line 240.
Package marginnote Info: right page because not two side mode on input line 240.
Package marginnote Info: xpos seems to be 100.01144pt on input line 240.
Package marginnote Info: Margin note 6.9 is on absolute page 6 on input line 241.
Package marginnote Info: right page because not two side mode on input line 241.
Package marginnote Info: xpos seems to be 100.01144pt on input line 241.

Underfull \hbox (badness 10000) in paragraph at lines 245--246

 []

Package marginnote Info: Margin note 6.10 is on absolute page 6 on input line 249.
Package marginnote Info: right page because not two side mode on input line 249.
Package marginnote Info: xpos seems to be 100.01144pt on input line 249.
Package marginnote Info: Margin note 6.11 is on absolute page 6 on input line 253.
Package marginnote Info: right page because not two side mode on input line 253.
Package marginnote Info: xpos seems to be 100.01144pt on input line 253.

Underfull \hbox (badness 10000) in paragraph at lines 253--254

 []

Package marginnote Info: Margin note 6.12 is on absolute page 6 on input line 255.
Package marginnote Info: right page because not two side mode on input line 255.
Package marginnote Info: xpos seems to be 100.01144pt on input line 255.

Overfull \hbox (13.9574pt too wide) in paragraph at lines 255--256
\TU/GentiumBasic(0)/m/sc/10.95 Unconditional Cash Transfer Amounts in the US.” \TU/GentiumBasic(0)/m/it/10.95 Unjournal\TU/GentiumBasic(0)/m/sc/10.95 . doi:[][]10.21428/d28e8e57.8a1cac7b[][] 
 []


Underfull \hbox (badness 10000) in paragraph at lines 255--256

 []

Package marginnote Info: Margin note 6.13 is on absolute page 6 on input line 257.
Package marginnote Info: right page because not two side mode on input line 257.
Package marginnote Info: xpos seems to be 100.01144pt on input line 257.
Package marginnote Info: Margin note 6.14 is on absolute page 7 on input line 272.
Package marginnote Info: right page because not two side mode on input line 272.
Package marginnote Info: xpos seems to be 100.01144pt on input line 272.
Package marginnote Info: Margin note 6.15 is on absolute page 7 on input line 273.
Package marginnote Info: right page because not two side mode on input line 273.
Package marginnote Info: xpos seems to be 100.01144pt on input line 273.
Package marginnote Info: Margin note 6.16 is on absolute page 7 on input line 274.
Package marginnote Info: right page because not two side mode on input line 274.
Package marginnote Info: xpos seems to be 100.01144pt on input line 274.
Package marginnote Info: Margin note 6.17 is on absolute page 7 on input line 275.
Package marginnote Info: right page because not two side mode on input line 275.
Package marginnote Info: xpos seems to be 100.01144pt on input line 275.


[6]

Package fontspec Info: 
(fontspec)             Font family 'TimesNewRoman(0)' created for font 'Times
(fontspec)             New Roman' with options [Mapping=tex-text].
(fontspec)              
(fontspec)              This font family consists of the following NFSS
(fontspec)             series/shapes:
(fontspec)              
(fontspec)             - 'normal' (m/n) with NFSS spec.: <->"Times New
(fontspec)             Roman/OT:script=latn;language=dflt;mapping=tex-text;"
(fontspec)             - 'bold' (b/n) with NFSS spec.: <->"Times New
(fontspec)             Roman/B/OT:script=latn;language=dflt;mapping=tex-text;"
(fontspec)             - 'italic' (m/it) with NFSS spec.: <->"Times New
(fontspec)             Roman/I/OT:script=latn;language=dflt;mapping=tex-text;"
(fontspec)             - 'bold italic' (b/it) with NFSS spec.: <->"Times New
(fontspec)             Roman/BI/OT:script=latn;language=dflt;mapping=tex-text;"



[7] (./Robert_Kubinec_CV_full.aux)
 ***********
LaTeX2e <2025-06-01> patch level 1
L3 programming layer <2025-07-20>
 ***********

LaTeX Font Warning: Some font shapes were not available, defaults substituted.

Package rerunfilecheck Info: File `Robert_Kubinec_CV_full.out' has not changed.
(rerunfilecheck)             Checksum: D41D8CD98F00B204E9800998ECF8427E;0.
 ) 
Here is how much of TeX's memory you used:
 15273 strings out of 470415
 292314 string characters out of 5488810
 716363 words of memory out of 5000000
 43412 multiletter control sequences out of 15000+600000
 630334 words of font info for 89 fonts, out of 8000000 for 9000
 36 hyphenation exceptions out of 8191
 73i,9n,106p,766b,407s stack positions out of 10000i,1000n,20000p,200000b,200000s

Output written on Robert_Kubinec_CV_full.pdf (7 pages).
